<!DOCTYPE html PUBLIC "-//W3C//DTD XHTML 1.1//EN" "http://www.w3.org/TR/xhtml11/DTD/xhtml11.dtd">
<html xmlns="http://www.w3.org/1999/xhtml">
<head>
<meta http-equiv="content-type" content="text/html; charset=UTF-8"/>
<title>TestNG Report</title>
<style type="text/css">table {margin-bottom:10px;border-collapse:collapse;empty-cells:show}th,td {border:1px solid #009;padding:.25em .5em}th {vertical-align:bottom}td {vertical-align:top}table a {font-weight:bold}.stripe td {background-color: #E6EBF9}.num {text-align:right}.passedodd td {background-color: #3F3}.passedeven td {background-color: #0A0}.skippedodd td {background-color: #DDD}.skippedeven td {background-color: #CCC}.failedodd td,.attn {background-color: #F33}.failedeven td,.stripe .attn {background-color: #D00}.stacktrace {white-space:pre;font-family:monospace}.totop {font-size:85%;text-align:center;border-bottom:2px solid #000}.invisible {display:none}</style>
</head>
<body>
<table>
<tr><th>Test</th><th># Passed</th><th># Skipped</th><th># Failed</th><th>Time (ms)</th><th>Included Groups</th><th>Excluded Groups</th></tr>
<tr><th colspan="7">Cogmento Suite</th></tr>
<tr><td><a href="#t0">Add Contacts Test</a></td><td class="num">1</td><td class="num attn">3</td><td class="num">0</td><td class="num">187,454</td><td></td><td></td></tr>
<tr class="stripe"><td><a href="#t1">Add Deal Test</a></td><td class="num">4</td><td class="num">0</td><td class="num">0</td><td class="num">250,898</td><td></td><td></td></tr>
<tr><th>Total</th><th class="num">5</th><th class="num attn">3</th><th class="num">0</th><th class="num">438,352</th><th colspan="2"></th></tr>
</table>
<table id='summary'><thead><tr><th>Class</th><th>Method</th><th>Start</th><th>Time (ms)</th></tr></thead><tbody><tr><th colspan="4">Cogmento Suite</th></tr></tbody><tbody id="t0"><tr><th colspan="4">Add Contacts Test &#8212; failed (configuration methods)</th></tr><tr class="failedeven"><td rowspan="1">com.pageObject.testcases.CreateNewContactTest</td><td><a href="#m0">loginToApp</a></td><td rowspan="1">1620821726552</td><td rowspan="1">25014</td></tr><tr><th colspan="4">Add Contacts Test &#8212; skipped (configuration methods)</th></tr><tr class="skippedeven"><td rowspan="5">com.pageObject.testcases.CreateNewContactTest</td><td><a href="#m1">loginToApp</a></td><td rowspan="2">1620821751655</td><td rowspan="2">0</td></tr><tr class="skippedeven"><td><a href="#m2">loginToApp</a></td></tr><tr class="skippedeven"><td><a href="#m3">logoutOfApp</a></td><td rowspan="3">1620821751774</td><td rowspan="3">0</td></tr><tr class="skippedeven"><td><a href="#m4">logoutOfApp</a></td></tr><tr class="skippedeven"><td><a href="#m5">logoutOfApp</a></td></tr><tr><th colspan="4">Add Contacts Test &#8212; skipped</th></tr><tr class="skippedeven"><td rowspan="3">com.pageObject.testcases.CreateNewContactTest</td><td><a href="#m6">createNewContactTest</a></td><td rowspan="3">1620821751730</td><td rowspan="3">0</td></tr><tr class="skippedeven"><td><a href="#m7">createNewContactTest</a></td></tr><tr class="skippedeven"><td><a href="#m8">createNewContactTest</a></td></tr><tr><th colspan="4">Add Contacts Test &#8212; passed</th></tr><tr class="passedeven"><td rowspan="1">com.pageObject.testcases.CreateNewContactTest</td><td><a href="#m9">createNewContactTest</a></td><td rowspan="1">1620821569905</td><td rowspan="1">150213</td></tr></tbody>
<tbody id="t1"><tr><th colspan="4">Add Deal Test &#8212; passed</th></tr><tr class="passedeven"><td rowspan="4">com.pageObject.testcases.CreateNewDealTest</td><td><a href="#m10">createNewDealTest</a></td><td rowspan="4">1620821763628</td><td rowspan="4">43549</td></tr><tr class="passedeven"><td><a href="#m11">createNewDealTest</a></td></tr><tr class="passedeven"><td><a href="#m12">createNewDealTest</a></td></tr><tr class="passedeven"><td><a href="#m13">createNewDealTest</a></td></tr></tbody>
</table>
<h2>Add Contacts Test</h2><h3 id="m0">com.pageObject.testcases.CreateNewContactTest#loginToApp</h3><table class="result"><tr><th>Exception</th></tr><tr><td><div class="stacktrace">org.openqa.selenium.NoSuchElementException: Unable to locate element: //input[@name=&apos;email&apos;]
For documentation on this error, please visit: https://www.seleniumhq.org/exceptions/no_such_element.html
Build info: version: &apos;3.141.59&apos;, revision: &apos;e82be7d358&apos;, time: &apos;2018-11-14T08:17:03&apos;
System info: host: &apos;MANPREET&apos;, ip: &apos;192.168.1.4&apos;, os.name: &apos;Windows 10&apos;, os.arch: &apos;amd64&apos;, os.version: &apos;10.0&apos;, java.version: &apos;1.8.0_65&apos;
Driver info: org.openqa.selenium.firefox.FirefoxDriver
Capabilities {acceptInsecureCerts: true, browserName: firefox, browserVersion: 88.0.1, javascriptEnabled: true, moz:accessibilityChecks: false, moz:buildID: 20210504152106, moz:geckodriverVersion: 0.29.0, moz:headless: false, moz:processID: 10152, moz:profile: C:\Users\Manpreet\AppData\L..., moz:shutdownTimeout: 60000, moz:useNonSpecCompliantPointerOrigin: false, moz:webdriverClick: true, pageLoadStrategy: normal, platform: WINDOWS, platformName: WINDOWS, platformVersion: 10.0, rotatable: false, setWindowRect: true, strictFileInteractability: false, timeouts: {implicit: 0, pageLoad: 300000, script: 30000}, unhandledPromptBehavior: dismiss and notify}
Session ID: 4e347262-9b90-404e-b1c8-cd933eb4208c
*** Element info: {Using=xpath, value=//input[@name=&apos;email&apos;]}
	at org.openqa.selenium.remote.http.W3CHttpResponseCodec.createException(W3CHttpResponseCodec.java:187)
	at org.openqa.selenium.remote.http.W3CHttpResponseCodec.decode(W3CHttpResponseCodec.java:122)
	at org.openqa.selenium.remote.http.W3CHttpResponseCodec.decode(W3CHttpResponseCodec.java:49)
	at org.openqa.selenium.remote.HttpCommandExecutor.execute(HttpCommandExecutor.java:158)
	at org.openqa.selenium.remote.service.DriverCommandExecutor.execute(DriverCommandExecutor.java:83)
	at org.openqa.selenium.remote.RemoteWebDriver.execute(RemoteWebDriver.java:552)
	at org.openqa.selenium.remote.RemoteWebDriver.findElement(RemoteWebDriver.java:323)
	at org.openqa.selenium.remote.RemoteWebDriver.findElementByXPath(RemoteWebDriver.java:428)
	at org.openqa.selenium.By$ByXPath.findElement(By.java:353)
	at org.openqa.selenium.remote.RemoteWebDriver.findElement(RemoteWebDriver.java:315)
	at com.pageObject.pages.LoginPage.loginToApplication(LoginPage.java:31)
	at com.pageObject.base.BaseTest.loginToApp(BaseTest.java:21)
... Removed 32 stack frames</div></td></tr></table><p class="totop"><a href="#summary">back to summary</a></p>
<h3 id="m1">com.pageObject.testcases.CreateNewContactTest#loginToApp</h3><table class="result"><tr><th class="invisible"/></tr></table><p class="totop"><a href="#summary">back to summary</a></p>
<h3 id="m2">com.pageObject.testcases.CreateNewContactTest#loginToApp</h3><table class="result"><tr><th class="invisible"/></tr></table><p class="totop"><a href="#summary">back to summary</a></p>
<h3 id="m3">com.pageObject.testcases.CreateNewContactTest#logoutOfApp</h3><table class="result"><tr><th class="invisible"/></tr></table><p class="totop"><a href="#summary">back to summary</a></p>
<h3 id="m4">com.pageObject.testcases.CreateNewContactTest#logoutOfApp</h3><table class="result"><tr><th class="invisible"/></tr></table><p class="totop"><a href="#summary">back to summary</a></p>
<h3 id="m5">com.pageObject.testcases.CreateNewContactTest#logoutOfApp</h3><table class="result"><tr><th class="invisible"/></tr></table><p class="totop"><a href="#summary">back to summary</a></p>
<h3 id="m6">com.pageObject.testcases.CreateNewContactTest#createNewContactTest</h3><table class="result"><tr><th>Exception</th></tr><tr><td><div class="stacktrace">org.openqa.selenium.NoSuchElementException: Unable to locate element: //input[@name=&apos;email&apos;]
For documentation on this error, please visit: https://www.seleniumhq.org/exceptions/no_such_element.html
Build info: version: &apos;3.141.59&apos;, revision: &apos;e82be7d358&apos;, time: &apos;2018-11-14T08:17:03&apos;
System info: host: &apos;MANPREET&apos;, ip: &apos;192.168.1.4&apos;, os.name: &apos;Windows 10&apos;, os.arch: &apos;amd64&apos;, os.version: &apos;10.0&apos;, java.version: &apos;1.8.0_65&apos;
Driver info: org.openqa.selenium.firefox.FirefoxDriver
Capabilities {acceptInsecureCerts: true, browserName: firefox, browserVersion: 88.0.1, javascriptEnabled: true, moz:accessibilityChecks: false, moz:buildID: 20210504152106, moz:geckodriverVersion: 0.29.0, moz:headless: false, moz:processID: 10152, moz:profile: C:\Users\Manpreet\AppData\L..., moz:shutdownTimeout: 60000, moz:useNonSpecCompliantPointerOrigin: false, moz:webdriverClick: true, pageLoadStrategy: normal, platform: WINDOWS, platformName: WINDOWS, platformVersion: 10.0, rotatable: false, setWindowRect: true, strictFileInteractability: false, timeouts: {implicit: 0, pageLoad: 300000, script: 30000}, unhandledPromptBehavior: dismiss and notify}
Session ID: 4e347262-9b90-404e-b1c8-cd933eb4208c
*** Element info: {Using=xpath, value=//input[@name=&apos;email&apos;]}
	at org.openqa.selenium.remote.http.W3CHttpResponseCodec.createException(W3CHttpResponseCodec.java:187)
	at org.openqa.selenium.remote.http.W3CHttpResponseCodec.decode(W3CHttpResponseCodec.java:122)
	at org.openqa.selenium.remote.http.W3CHttpResponseCodec.decode(W3CHttpResponseCodec.java:49)
	at org.openqa.selenium.remote.HttpCommandExecutor.execute(HttpCommandExecutor.java:158)
	at org.openqa.selenium.remote.service.DriverCommandExecutor.execute(DriverCommandExecutor.java:83)
	at org.openqa.selenium.remote.RemoteWebDriver.execute(RemoteWebDriver.java:552)
	at org.openqa.selenium.remote.RemoteWebDriver.findElement(RemoteWebDriver.java:323)
	at org.openqa.selenium.remote.RemoteWebDriver.findElementByXPath(RemoteWebDriver.java:428)
	at org.openqa.selenium.By$ByXPath.findElement(By.java:353)
	at org.openqa.selenium.remote.RemoteWebDriver.findElement(RemoteWebDriver.java:315)
	at com.pageObject.pages.LoginPage.loginToApplication(LoginPage.java:31)
	at com.pageObject.base.BaseTest.loginToApp(BaseTest.java:21)
... Removed 32 stack frames</div></td></tr></table><p class="totop"><a href="#summary">back to summary</a></p>
<h3 id="m7">com.pageObject.testcases.CreateNewContactTest#createNewContactTest</h3><table class="result"><tr><th>Exception</th></tr><tr><td><div class="stacktrace">org.openqa.selenium.NoSuchElementException: Unable to locate element: //input[@name=&apos;email&apos;]
For documentation on this error, please visit: https://www.seleniumhq.org/exceptions/no_such_element.html
Build info: version: &apos;3.141.59&apos;, revision: &apos;e82be7d358&apos;, time: &apos;2018-11-14T08:17:03&apos;
System info: host: &apos;MANPREET&apos;, ip: &apos;192.168.1.4&apos;, os.name: &apos;Windows 10&apos;, os.arch: &apos;amd64&apos;, os.version: &apos;10.0&apos;, java.version: &apos;1.8.0_65&apos;
Driver info: org.openqa.selenium.firefox.FirefoxDriver
Capabilities {acceptInsecureCerts: true, browserName: firefox, browserVersion: 88.0.1, javascriptEnabled: true, moz:accessibilityChecks: false, moz:buildID: 20210504152106, moz:geckodriverVersion: 0.29.0, moz:headless: false, moz:processID: 10152, moz:profile: C:\Users\Manpreet\AppData\L..., moz:shutdownTimeout: 60000, moz:useNonSpecCompliantPointerOrigin: false, moz:webdriverClick: true, pageLoadStrategy: normal, platform: WINDOWS, platformName: WINDOWS, platformVersion: 10.0, rotatable: false, setWindowRect: true, strictFileInteractability: false, timeouts: {implicit: 0, pageLoad: 300000, script: 30000}, unhandledPromptBehavior: dismiss and notify}
Session ID: 4e347262-9b90-404e-b1c8-cd933eb4208c
*** Element info: {Using=xpath, value=//input[@name=&apos;email&apos;]}
	at org.openqa.selenium.remote.http.W3CHttpResponseCodec.createException(W3CHttpResponseCodec.java:187)
	at org.openqa.selenium.remote.http.W3CHttpResponseCodec.decode(W3CHttpResponseCodec.java:122)
	at org.openqa.selenium.remote.http.W3CHttpResponseCodec.decode(W3CHttpResponseCodec.java:49)
	at org.openqa.selenium.remote.HttpCommandExecutor.execute(HttpCommandExecutor.java:158)
	at org.openqa.selenium.remote.service.DriverCommandExecutor.execute(DriverCommandExecutor.java:83)
	at org.openqa.selenium.remote.RemoteWebDriver.execute(RemoteWebDriver.java:552)
	at org.openqa.selenium.remote.RemoteWebDriver.findElement(RemoteWebDriver.java:323)
	at org.openqa.selenium.remote.RemoteWebDriver.findElementByXPath(RemoteWebDriver.java:428)
	at org.openqa.selenium.By$ByXPath.findElement(By.java:353)
	at org.openqa.selenium.remote.RemoteWebDriver.findElement(RemoteWebDriver.java:315)
	at com.pageObject.pages.LoginPage.loginToApplication(LoginPage.java:31)
	at com.pageObject.base.BaseTest.loginToApp(BaseTest.java:21)
... Removed 32 stack frames</div></td></tr></table><p class="totop"><a href="#summary">back to summary</a></p>
<h3 id="m8">com.pageObject.testcases.CreateNewContactTest#createNewContactTest</h3><table class="result"><tr><th>Exception</th></tr><tr><td><div class="stacktrace">org.openqa.selenium.NoSuchElementException: Unable to locate element: //input[@name=&apos;email&apos;]
For documentation on this error, please visit: https://www.seleniumhq.org/exceptions/no_such_element.html
Build info: version: &apos;3.141.59&apos;, revision: &apos;e82be7d358&apos;, time: &apos;2018-11-14T08:17:03&apos;
System info: host: &apos;MANPREET&apos;, ip: &apos;192.168.1.4&apos;, os.name: &apos;Windows 10&apos;, os.arch: &apos;amd64&apos;, os.version: &apos;10.0&apos;, java.version: &apos;1.8.0_65&apos;
Driver info: org.openqa.selenium.firefox.FirefoxDriver
Capabilities {acceptInsecureCerts: true, browserName: firefox, browserVersion: 88.0.1, javascriptEnabled: true, moz:accessibilityChecks: false, moz:buildID: 20210504152106, moz:geckodriverVersion: 0.29.0, moz:headless: false, moz:processID: 10152, moz:profile: C:\Users\Manpreet\AppData\L..., moz:shutdownTimeout: 60000, moz:useNonSpecCompliantPointerOrigin: false, moz:webdriverClick: true, pageLoadStrategy: normal, platform: WINDOWS, platformName: WINDOWS, platformVersion: 10.0, rotatable: false, setWindowRect: true, strictFileInteractability: false, timeouts: {implicit: 0, pageLoad: 300000, script: 30000}, unhandledPromptBehavior: dismiss and notify}
Session ID: 4e347262-9b90-404e-b1c8-cd933eb4208c
*** Element info: {Using=xpath, value=//input[@name=&apos;email&apos;]}
	at org.openqa.selenium.remote.http.W3CHttpResponseCodec.createException(W3CHttpResponseCodec.java:187)
	at org.openqa.selenium.remote.http.W3CHttpResponseCodec.decode(W3CHttpResponseCodec.java:122)
	at org.openqa.selenium.remote.http.W3CHttpResponseCodec.decode(W3CHttpResponseCodec.java:49)
	at org.openqa.selenium.remote.HttpCommandExecutor.execute(HttpCommandExecutor.java:158)
	at org.openqa.selenium.remote.service.DriverCommandExecutor.execute(DriverCommandExecutor.java:83)
	at org.openqa.selenium.remote.RemoteWebDriver.execute(RemoteWebDriver.java:552)
	at org.openqa.selenium.remote.RemoteWebDriver.findElement(RemoteWebDriver.java:323)
	at org.openqa.selenium.remote.RemoteWebDriver.findElementByXPath(RemoteWebDriver.java:428)
	at org.openqa.selenium.By$ByXPath.findElement(By.java:353)
	at org.openqa.selenium.remote.RemoteWebDriver.findElement(RemoteWebDriver.java:315)
	at com.pageObject.pages.LoginPage.loginToApplication(LoginPage.java:31)
	at com.pageObject.base.BaseTest.loginToApp(BaseTest.java:21)
... Removed 32 stack frames</div></td></tr></table><p class="totop"><a href="#summary">back to summary</a></p>
<h3 id="m9">com.pageObject.testcases.CreateNewContactTest#createNewContactTest</h3><table class="result"><tr class="param"><th>Parameter #1</th></tr><tr class="param stripe"><td>{company=Microsoft, lastname=Marley, runmode=Y, firstname=Bob}</td></tr><tr><th>Messages</th></tr><tr><td><div class="messages">Contact added successfully-> Bob Marley<br/>Click to see screenshot<br/><br><br/><a target="blank" href=Wed_May_12_17_45_20_IST_2021.jpg>Screenshot</a></div></td></tr></table><p class="totop"><a href="#summary">back to summary</a></p>
<h2>Add Deal Test</h2><h3 id="m10">com.pageObject.testcases.CreateNewDealTest#createNewDealTest</h3><table class="result"><tr class="param"><th>Parameter #1</th></tr><tr class="param stripe"><td>{company=Tesla, description=Battery operated cars, runmode=Y, title=Automobile}</td></tr><tr><th>Messages</th></tr><tr><td><div class="messages">Contact added successfully-> null null<br/>Click to see screenshot<br/><br><br/><a target="blank" href=Wed_May_12_17_46_47_IST_2021.jpg>Screenshot</a></div></td></tr></table><p class="totop"><a href="#summary">back to summary</a></p>
<h3 id="m11">com.pageObject.testcases.CreateNewDealTest#createNewDealTest</h3><table class="result"><tr class="param"><th>Parameter #1</th></tr><tr class="param stripe"><td>{company=SpaceX, description=Starship for better future, runmode=Y, title=Aviation}</td></tr><tr><th>Messages</th></tr><tr><td><div class="messages">Contact added successfully-> null null<br/>Click to see screenshot<br/><br><br/><a target="blank" href=Wed_May_12_17_47_42_IST_2021.jpg>Screenshot</a></div></td></tr></table><p class="totop"><a href="#summary">back to summary</a></p>
<h3 id="m12">com.pageObject.testcases.CreateNewDealTest#createNewDealTest</h3><table class="result"><tr class="param"><th>Parameter #1</th></tr><tr class="param stripe"><td>{company=FIS, description=My existing company, runmode=Y, title=Information Technology}</td></tr><tr><th>Messages</th></tr><tr><td><div class="messages">Contact added successfully-> null null<br/>Click to see screenshot<br/><br><br/><a target="blank" href=Wed_May_12_17_49_57_IST_2021.jpg>Screenshot</a></div></td></tr></table><p class="totop"><a href="#summary">back to summary</a></p>
<h3 id="m13">com.pageObject.testcases.CreateNewDealTest#createNewDealTest</h3><table class="result"><tr class="param"><th>Parameter #1</th></tr><tr class="param stripe"><td>{company=Nestle, description=Making Maggi since generations, runmode=Y, title=Food manufacuring}</td></tr><tr><th>Messages</th></tr><tr><td><div class="messages">Contact added successfully-> null null<br/>Click to see screenshot<br/><br><br/><a target="blank" href=Wed_May_12_17_48_57_IST_2021.jpg>Screenshot</a></div></td></tr></table><p class="totop"><a href="#summary">back to summary</a></p>
</body>
</html>
